<?xml version="1.0" encoding="UTF-8" ?>
<testsuite failures="0" time="0.016" errors="0" skipped="0" tests="1" name="com.kongur.monolith.dal.AppTest">
  <properties>
    <property name="java.runtime.name" value="Java(TM) SE Runtime Environment"/>
    <property name="sun.boot.library.path" value="D:\dev_soft\jdk\jdk1.6.0_17\jre\bin"/>
    <property name="java.vm.version" value="14.3-b01"/>
    <property name="java.vm.vendor" value="Sun Microsystems Inc."/>
    <property name="java.vendor.url" value="http://java.sun.com/"/>
    <property name="path.separator" value=";"/>
    <property name="guice.disable.misplaced.annotation.check" value="true"/>
    <property name="java.vm.name" value="Java HotSpot(TM) Client VM"/>
    <property name="file.encoding.pkg" value="sun.io"/>
    <property name="user.country" value="CN"/>
    <property name="sun.java.launcher" value="SUN_STANDARD"/>
    <property name="sun.os.patch.level" value="Service Pack 3"/>
    <property name="java.vm.specification.name" value="Java Virtual Machine Specification"/>
    <property name="user.dir" value="D:\git_repo\monolith\monolith-dal"/>
    <property name="java.runtime.version" value="1.6.0_17-b04"/>
    <property name="java.awt.graphicsenv" value="sun.awt.Win32GraphicsEnvironment"/>
    <property name="java.endorsed.dirs" value="D:\dev_soft\jdk\jdk1.6.0_17\jre\lib\endorsed"/>
    <property name="os.arch" value="x86"/>
    <property name="java.io.tmpdir" value="G:\DOCUME~1\zhengwei\LOCALS~1\Temp\"/>
    <property name="line.separator" value="
"/>
    <property name="java.vm.specification.vendor" value="Sun Microsystems Inc."/>
    <property name="user.variant" value=""/>
    <property name="os.name" value="Windows XP"/>
    <property name="classworlds.conf" value="D:\dev_soft\maven\apache-maven-3.0.4\bin\m2.conf"/>
    <property name="sun.jnu.encoding" value="GBK"/>
    <property name="java.library.path" value="D:\dev_soft\jdk\jdk1.6.0_17\bin;.;G:\WINDOWS\Sun\Java\bin;G:\WINDOWS\system32;G:\WINDOWS;G:\Program Files\CollabNet\Subversion Client;D:\dev_soft\maven\apache-maven-3.0.4\bin;D:\dev_soft\instantclient\10.1.0.2\client\bin;D:\dev_soft\jdk\jdk1.6.0_17\bin;G:\WINDOWS\system32;G:\WINDOWS;G:\WINDOWS\System32\Wbem;G:\Program Files\TortoiseSVN\bin;D:\dev_soft\btrace-bin\bin;C:\tcpdump\bin;D:\dev_soft\ant\apache-ant-1.8.4\bin;G:\Program Files\Android\android-sdk\tools;;G:\WINDOWS\system32\WindowsPowerShell\v1.0;G:\Program Files\SSH Communications Security\SSH Secure Shell;G:\Program Files\OpenVPN\bin;G:\Program Files\DBank\ClickUp;G:\Program Files\Common Files\Nero\Lib\"/>
    <property name="java.specification.name" value="Java Platform API Specification"/>
    <property name="java.class.version" value="50.0"/>
    <property name="sun.management.compiler" value="HotSpot Client Compiler"/>
    <property name="os.version" value="5.1"/>
    <property name="user.home" value="G:\Documents and Settings\zhengwei"/>
    <property name="user.timezone" value="Asia/Shanghai"/>
    <property name="java.awt.printerjob" value="sun.awt.windows.WPrinterJob"/>
    <property name="file.encoding" value="GBK"/>
    <property name="java.specification.version" value="1.6"/>
    <property name="user.name" value="zhengwei"/>
    <property name="java.class.path" value="D:\dev_soft\maven\apache-maven-3.0.4\boot\plexus-classworlds-2.4.jar"/>
    <property name="java.vm.specification.version" value="1.0"/>
    <property name="sun.arch.data.model" value="32"/>
    <property name="java.home" value="D:\dev_soft\jdk\jdk1.6.0_17\jre"/>
    <property name="java.specification.vendor" value="Sun Microsystems Inc."/>
    <property name="user.language" value="zh"/>
    <property name="awt.toolkit" value="sun.awt.windows.WToolkit"/>
    <property name="java.vm.info" value="mixed mode, sharing"/>
    <property name="java.version" value="1.6.0_17"/>
    <property name="java.ext.dirs" value="D:\dev_soft\jdk\jdk1.6.0_17\jre\lib\ext;G:\WINDOWS\Sun\Java\lib\ext"/>
    <property name="sun.boot.class.path" value="D:\dev_soft\jdk\jdk1.6.0_17\jre\lib\resources.jar;D:\dev_soft\jdk\jdk1.6.0_17\jre\lib\rt.jar;D:\dev_soft\jdk\jdk1.6.0_17\jre\lib\sunrsasign.jar;D:\dev_soft\jdk\jdk1.6.0_17\jre\lib\jsse.jar;D:\dev_soft\jdk\jdk1.6.0_17\jre\lib\jce.jar;D:\dev_soft\jdk\jdk1.6.0_17\jre\lib\charsets.jar;D:\dev_soft\jdk\jdk1.6.0_17\jre\classes"/>
    <property name="java.vendor" value="Sun Microsystems Inc."/>
    <property name="maven.home" value="D:\dev_soft\maven\apache-maven-3.0.4"/>
    <property name="file.separator" value="\"/>
    <property name="java.vendor.url.bug" value="http://java.sun.com/cgi-bin/bugreport.cgi"/>
    <property name="sun.cpu.endian" value="little"/>
    <property name="sun.io.unicode.encoding" value="UnicodeLittle"/>
    <property name="sun.desktop" value="windows"/>
    <property name="sun.cpu.isalist" value="pentium_pro+mmx pentium_pro pentium+mmx pentium i486 i386 i86"/>
  </properties>
  <testcase time="0" classname="com.kongur.monolith.dal.AppTest" name="testApp"/>
</testsuite>